<?xml version="1.0" encoding="UTF-8"?>
<!-- Generated by org.testng.reporters.JUnitReportReporter -->
<testsuite hostname="LAPTOP-LISJ11QS" failures="0" tests="2" name="testing.NewTest" time="14.816" errors="0" timestamp="2022-10-20T16:37:21 IST" skipped="0">
  <testcase classname="testing.NewTest" name="login" time="8.484"/>
  <system-out/>
  <testcase classname="testing.NewTest" name="calculator" time="6.332"/>
  <system-out/>
</testsuite> <!-- testing.NewTest -->
