<?xml version="1.0" encoding="UTF-8"?>
<!-- Generated by org.testng.reporters.JUnitReportReporter -->
<testsuite hostname="DESKTOP-UL8FC28" failures="0" tests="1" name="mytest.Test1" time="0.032" errors="0" timestamp="2022-10-20T13:07:42 IST" skipped="0">
  <testcase classname="mytest.Test1" name="f" time="0.032"/>
  <system-out/>
</testsuite> <!-- mytest.Test1 -->
