<?xml version="1.0" encoding="UTF-8"?>
<!-- Generated by org.testng.reporters.JUnitReportReporter -->
<testsuite hostname="DESKTOP-UL8FC28" failures="0" tests="2" name="mytest.Test2" time="13.855" errors="0" timestamp="2022-10-20T16:14:52 IST" skipped="0">
  <testcase classname="mytest.Test2" name="openJenkins" time="7.024"/>
  <system-out/>
  <testcase classname="mytest.Test2" name="calculate" time="6.831"/>
  <system-out/>
</testsuite> <!-- mytest.Test2 -->
